<?xml version="1.0" encoding="UTF-8"?>
<!-- Generated by org.testng.reporters.JUnitReportReporter -->
<testsuite skipped="0" hostname="Priyanka-PC" name="com.RestAssured_LibAPI.TestMethods.GetBookByID_Library_API_Test" tests="1" failures="0" timestamp="2020-05-31T00:35:41 IST" time="10.995" errors="0">
  <testcase name="getBookByID" time="10.995" classname="com.RestAssured_LibAPI.TestMethods.GetBookByID_Library_API_Test"/>
  <system-out/>
</testsuite> <!-- com.RestAssured_LibAPI.TestMethods.GetBookByID_Library_API_Test -->
