<?xml version="1.0" encoding="UTF-8"?>
<!-- Generated by org.testng.reporters.JUnitReportReporter -->
<testsuite skipped="0" hostname="Priyanka-PC" name="JiraAPIs.TestJIRAAPIs" tests="3" failures="0" timestamp="2020-05-12T21:32:23 IST" time="11.859" errors="0">
  <testcase name="createSession" time="8.653" classname="JiraAPIs.TestJIRAAPIs"/>
  <system-out/>
  <testcase name="createIssue" time="0.548" classname="JiraAPIs.TestJIRAAPIs"/>
  <system-out/>
  <testcase name="createAttachment" time="2.658" classname="JiraAPIs.TestJIRAAPIs"/>
  <system-out/>
</testsuite> <!-- JiraAPIs.TestJIRAAPIs -->
