<?xml version="1.0" encoding="UTF-8"?>
<!-- Generated by org.testng.reporters.JUnitReportReporter -->
<testsuite skipped="0" hostname="Priyanka-PC" name="tests.TestGetMethod" tests="1" failures="0" timestamp="2020-04-11T14:57:57 IST" time="10.029" errors="0">
  <testcase name="testgetMethod" time="10.029" classname="tests.TestGetMethod"/>
  <system-out/>
</testsuite> <!-- tests.TestGetMethod -->
