<?xml version="1.0" encoding="UTF-8"?>
<!-- Generated by org.testng.reporters.JUnitReportReporter -->
<testsuite skipped="0" hostname="Priyanka-PC" name="tests.Test_Post_Get_Update" tests="1" failures="0" timestamp="2020-04-18T14:38:21 IST" time="19.243" errors="0">
  <testcase name="testUpdateMethod" time="19.243" classname="tests.Test_Post_Get_Update"/>
  <system-out/>
</testsuite> <!-- tests.Test_Post_Get_Update -->
