<?xml version="1.0" encoding="UTF-8"?>
<!-- Generated by org.testng.reporters.JUnitReportReporter -->
<testsuite skipped="0" hostname="Priyanka-PC" name="tests.SampleDummyPost" tests="1" failures="0" timestamp="2020-04-18T14:24:46 IST" time="16.612" errors="0">
  <testcase name="testPost" time="16.612" classname="tests.SampleDummyPost"/>
  <system-out/>
</testsuite> <!-- tests.SampleDummyPost -->
