<?xml version="1.0" encoding="UTF-8"?>
<!-- Generated by org.testng.reporters.JUnitReportReporter -->
<testsuite skipped="0" hostname="Priyanka-PC" name="tests.Test_reqres_data" tests="1" failures="0" timestamp="2020-04-19T14:20:29 IST" time="14.202" errors="0">
  <testcase name="testALLreqresMethod" time="14.202" classname="tests.Test_reqres_data"/>
  <system-out/>
</testsuite> <!-- tests.Test_reqres_data -->
