<?xml version="1.0" encoding="UTF-8"?>
<!-- Generated by org.testng.reporters.JUnitReportReporter -->
<testsuite skipped="0" hostname="Priyanka-PC" name="tests.Test_Library" tests="1" failures="0" timestamp="2020-05-03T13:10:10 IST" time="16.436" errors="0">
  <testcase name="test01" time="16.436" classname="tests.Test_Library"/>
  <system-out/>
</testsuite> <!-- tests.Test_Library -->
