<?xml version="1.0" encoding="UTF-8"?>
<!-- Generated by org.testng.reporters.JUnitReportReporter -->
<testsuite skipped="0" hostname="Priyanka-PC" name="TestJiraAPIs" tests="1" failures="0" timestamp="2020-05-12T21:03:38 IST" time="12.676" errors="0">
  <testcase name="createSession" time="12.676" classname="TestJiraAPIs"/>
  <system-out/>
</testsuite> <!-- TestJiraAPIs -->
